sm42573878	sm42573878.json	ベターヘル	ベターヘル / T0S feat. 重音テトSV
sm30531878	sm30531878.json	ヤツメ穴	ヤツメ穴
sm40352226	sm40352226.json	無題 ep.01	None
sm13209180	sm13209180.json	α	どうしても助けてあげたくなる写真集
sm31041896	sm31041896.json	すべてはまぼろし	【初音ミク】すべてはまぼろし【#ポッジーニトリビュート】
sm32738883	sm32738883.json	避雷針	『避雷針』 / 欅坂46
sm5993253	sm5993253.json	ぽっぴっぽー	【初音ミク】ぽっぴっぽーＰＶ【飲もう！】
sm11597657	sm11597657.json	監禁、調教、ビーフシチュー	【初音ミクオリジナル】　監禁、調教、ビーフシチュー完全版　【Append】
sm31940830	sm31940830.json	葵ちゃんはチョコミントアイスエイヤッ↑(/＞_＜)/	葵ちゃんはチョコミントアイスエイヤッ↑(/＞_＜)/
sm40851391	sm40851391.json	法のアナル	None
sm40871818	sm40871818.json	フィラウティア	None
sm43429700	sm43429700.json	無名のクオリア	None
sm32007807	sm32007807.json	as usual	【初音ミク】as usual【オリジナル】
sm32188335	sm32188335.json	イワシがつちからはえてくるんだ	イワシがつちからはえてくるんだ
sm43439171	sm43439171.json	コラム	None
sm30699745	sm30699745.json	境界性ラインアート	None
sm33769484	sm33769484.json	..	None
sm42236648	sm42236648.json	カウントガール	カウントガール/ねずちう feat.初音ミク
sm27724221	sm27724221.json	夕暮れワンルーム	【40mP feat. シャノ】 夕暮れワンルーム 【オリジナルPV】
sm44672804	sm44672804.json	空に穴があいてる	空に穴があいてる / 初音ミク
sm14373519	sm14373519.json	キミトセカイ	None
sm9183526	sm9183526.json	タワー	【巡音ルカ】　タワー　【アニメPV風】
so15151562	so15151562.json	SeventH-HeaveN	『セブンスドラゴン２０２０』 主題歌 「SeventH-HeaveN」
sm29931090	sm29931090.json	描いてゆこう	【結月ゆかり】  描いてゆこう  【オリジナル曲】
sm3840990	sm3840990.json	サルでもわかる	【鏡音リン】サルでもわかる【手書きPV】
sm25764366	sm25764366.json	泥の中の花	None
sm33004336	sm33004336.json	氷晶	『 Antinomie 』/ ELECTROCUTICA
sm45485750	sm45485750.json	じう	じう / IA [instrumental]
sm5480792	sm5480792.json	Innocence	【初音ミク】Innocence【3DPV】
sm10118723	sm10118723.json	どうでもいい！	どうでもいい！【PVのようなもの】
sm44669930	sm44669930.json	永遠の夢	永遠の夢-Tomy feat.初音ミク
sm44637664	sm44637664.json	ノクターンシティ・トウキョウ	ノクターンシティ・トウキョウ / 鏡音リン
sm4095070	sm4095070.json	物理屋のサヨナラ	【初音ミク】 物理屋のサヨナラ 【PV】
sm5778929	sm5778929.json	白夜のイヴを越えて	白夜のイヴを越えて【PVのようなもの】
sm35742878	sm35742878.json	Cheering Swing!	【Electro Swing】Cheering Swing!【歌うボイスロイド】
sm42575199	sm42575199.json	百葉箱	None
sm19971777	sm19971777.json	魔法使いのショコラティエ	【アイドルマスター】魔法使いのショコラティエ【OSTER project×Clémentine】
sm3601571	sm3601571.json	暗い森のサーカス	【初音ミク・鏡音リン・レン】「暗い森のサーカス」PV【Full．ver】
sm41193337	sm41193337.json	ディアミー	ディアミー_ft.初音ミク (Remix)
sm39718906	sm39718906.json	きみよみ	きみよみ / 七草はづき
sm44626579	sm44626579.json	朝寝坊	朝寝坊 feat.双葉湊音【双葉湊音誕生祭2025】
sm44225350	sm44225350.json	レイのつぶやき	レイのつぶやき
sm11441698	sm11441698.json	J-POPの歌詞における「何か」の探され率は異常	【2chまとめ】 J-POPの歌詞における「何か」の探され率は異常
sm44592535	sm44592535.json	読後の海に花束を	読後の海に花束を / 知声【dama】
sm10899262	sm10899262.json	The thought to tell	【MEIKO】The thought to tell (2010) / shu-t【オリジナル】
sm39638338	sm39638338.json	ネッコに顔を踏まれたい	【琴葉茜・葵（蕾）】ネッコに顔を踏まれたい【歌うA.I.VOICE】
sm7774608	sm7774608.json	さよなら	人として軸がもぎれていルンバ【軸ぶれ×ルンバ×林檎 絶望mix】
sm4072202	sm4072202.json	HAKOBAKO PLAYER	【鏡音リン・レン】HAKOBAKO PLAYER【手書きPV】
sm42986964	sm42986964.json	雨とダンス	None
sm3135213	sm3135213.json	StargazeR	ねぎだけでじゅうぶんですよ
sm35486736	sm35486736.json	水無月の通り雨	None
sm44681550	sm44681550.json	走れ！テトさん	走れ！テトさん / 重音テトSV
sm6324046	sm6324046.json	野良犬疾走日和	野良犬疾走日和　手書きPV
sm42982243	sm42982243.json	からすの鳴かせ方	ど～ぱみん 2nd Solo Album -「THE FIRST TABLE MANNERS」【trailer】
sm43005901	sm43005901.json	アンサー	None
sm13164388	sm13164388.json	Sing my Love	【初音ミクPV】Sing my Love【40mP】
sm28976604	sm28976604.json	桜吹雪	【カイパラ】 KAITO和風アルバム「夢物語」
sm45058260	sm45058260.json	igNight	igNight / あぢさゐ feat.カゼヒキV
sm17303387	sm17303387.json	恋のI・RO・HA 教えます	【猫村いろはオリジナル】 恋のI・RO・HA教えます 【新曲告知CM】
sm43117409	sm43117409.json	ニル	None
sm25938273	sm25938273.json	ロジックエージェント	「 ロジックエージェント　/　niki × れをる 」
sm11850944	sm11850944.json	Counterclockwise	燕の夢【PV】
sm44681852	sm44681852.json	scissors	【裏命】 scissors / EN0N
sm34881808	sm34881808.json	ウミガメのなみだはしおらしい	ウミガメのなみだはしおらしい
sm39474442	sm39474442.json	Deep	None
sm21027040	sm21027040.json	ユクエシレズ	None
sm44678446	sm44678446.json	ユーロスターに乗って	ユーロスターに乗って/歌愛ユキ
nm7103480	nm7103480.json	チルノのすうがく教室	【東方】 チルノのすうがく教室
sm32479792	sm32479792.json	シャットダウン	None
sm40846699	sm40846699.json	東京地下鉄ラバー	東京地下鉄ラバー / feat.可不 【ヘッドフォンガール】
sm6733416	sm6733416.json	holy flight 948	【鏡音リン】holy flight 948【オリジナル】
sm4405941	sm4405941.json	スーパートルコ行進曲 - オワタ＼(^o^)／	スーパートルコ行進曲－オワタ＼(^o^)／に絵を付けてみた【完成】
