row	song	artists.0	artists.1	artists.2	artists.3	artists.4	artists.5
1594	filozo	ミナツキトーカ					
1708	ハロー、ニューワールド	n.k					
2202	彼ノ世草紙	Tyki					
3088	ラブアトミック・トランスファー (z’5 Arrange)	蝶々P	Neru				
3219	ユダ	虻瀬犬					
3234	シューティングスター	レフティモンスター					
5707	Ghost in a closet	春野					
5929		x0o0x_					
6020	縦の理	梨本うい					
6749	ハロー、ニューワールド	n.k					
6917	終わり行く世界と、最後の僕ら。	もう、ダメP					
8125	ウミガメのナミダはしおらしい	鯡苦心					
8519	変わらない場所	アリエP					
9086	明けない夜を壊せ	Task					
9446	Ghost in a closet	春野					
10090		x0o0x_					
10138		x0o0x_					
10210	LOL-lots of laugh-	mikumix					
10334	EXEC_RESOLUTION	Hull					
11038		x0o0x_					
11250	SYMPHONIC DIVE - DIVA FT full edit -	Re:nG					
11359	明けない夜を壊せ	Task					
11416	Deja Vu	Crusher	CircusP				
11557	ラブリー彼女	ぷく					
12022	天国への手紙（うた）	だいすけP					
13069	オノマペット	doriko					
13307	ボジティブ☆ダンスタイム	キノシタ					
14707	P.a.r.a.l.y.z.e.	黒田亜津					
14793	シスター＝セクトルージュ	nyannyanya					
15778		x0o0x_					
15824		x0o0x_					
16961	星空のラピス	かんぱねって					
17206	EXEC_RESOLUTION	Hull					
17226	マイリスト	ミチバタ					
17673		x0o0x_					
19476	終わり行く世界と、最後の僕ら。	もう、ダメP					
20003	拍手喝采満員御礼	つきみぐー					
20330	Chip Tears	霊長類P					
20350	【I】	rIboro					
20793	Eraser	0108					
21972	Alice in  N.Y.	ひとしずく	やま△				
22651	『Under of Fragments』	seleP					
23441	◀︎◀︎	是					
23915	拍手喝采満員御礼	つきみぐー					
24571	Starry Love	Yasuha.					
24585	BREEEEAK THROUGH!!	ケダルイ					
24865							
25439	.						
29748	machine muzik	Deino					
30536	私、このモヤシ飼うわ。	呆(左手)					
31181	ユメハミ	とあ					
32226	▷コンティニュー	キツネリ					
32277	Final Reason	ゆよゆっぺ					
32284	彼ノ世草紙	Tyki					
32882	東京ナイトモラトリアム	キャプテン・ソプラノ					
34075	Starry Love	Yasuha.					
35276	▷コンティニュー	キツネリ					
36322	わたしいまめまいしたわ	ユリイ・カノン					
54032	遥カ業ニ、過去カ未来ニ。	ばさん					
55488	アウト オブ エデン	鋼兵					
60631	拍手喝采満員御礼	つきみぐー					
